app/manifest-merger-release-report.txt
-- Merging decision tree log ---
manifest
ADDED from AndroidManifest.xml:2:1
	xmlns:tools
		ADDED from AndroidManifest.xml:3:5
	xmlns:android
		ADDED from AndroidManifest.xml:2:11
	package
		ADDED from AndroidManifest.xml:4:5
		INJECTED from AndroidManifest.xml:0:0
		INJECTED from AndroidManifest.xml:0:0
	android:versionName
		ADDED from AndroidManifest.xml:6:5
	android:versionCode
		ADDED from AndroidManifest.xml:5:5
		INJECTED from AndroidManifest.xml:0:0
		INJECTED from AndroidManifest.xml:0:0
uses-permission#android.permission.RECEIVE_BOOT_COMPLETED
ADDED from AndroidManifest.xml:8:5
	android:name
		ADDED from AndroidManifest.xml:8:22
uses-permission#android.permission.WAKE_LOCK
ADDED from AndroidManifest.xml:9:5
	android:name
		ADDED from AndroidManifest.xml:9:22
uses-permission#android.permission.VIBRATE
ADDED from AndroidManifest.xml:10:5
	android:name
		ADDED from AndroidManifest.xml:10:22
uses-permission#com.android.vending.BILLING
ADDED from AndroidManifest.xml:11:5
	android:name
		ADDED from AndroidManifest.xml:11:22
uses-sdk
ADDED from AndroidManifest.xml:13:5
MERGED from com.android.support:support-v4:21.0.3:15:5
MERGED from com.github.flavienlaurent.datetimepicker:library:0.0.2:3:5
MERGED from com.android.support:support-v4:21.0.3:15:5
MERGED from com.afollestad:material-dialogs:0.6.3.0:8:5
MERGED from com.android.support:appcompat-v7:21.0.3:15:5
MERGED from com.android.support:support-v4:21.0.3:15:5
MERGED from uk.co.chrisjenx:calligraphy:2.0.1:7:5
MERGED from de.psdev.licensesdialog:licensesdialog:1.6.0:23:5
MERGED from Notey2_2:discreteSeekBar:unspecified:23:5
MERGED from com.android.support:support-v4:21.0.3:15:5
	android:targetSdkVersion
		ADDED from AndroidManifest.xml:15:9
		INJECTED from AndroidManifest.xml:0:0
		INJECTED from AndroidManifest.xml:0:0
	android:minSdkVersion
		ADDED from AndroidManifest.xml:14:9
		INJECTED from AndroidManifest.xml:0:0
		INJECTED from AndroidManifest.xml:0:0
application
ADDED from AndroidManifest.xml:17:5
MERGED from com.android.support:support-v4:21.0.3:16:5
MERGED from com.android.support:support-v4:21.0.3:16:5
MERGED from com.afollestad:material-dialogs:0.6.3.0:12:5
MERGED from com.android.support:appcompat-v7:21.0.3:16:5
MERGED from com.android.support:support-v4:21.0.3:16:5
MERGED from uk.co.chrisjenx:calligraphy:2.0.1:11:5
MERGED from de.psdev.licensesdialog:licensesdialog:1.6.0:26:5
MERGED from Notey2_2:discreteSeekBar:unspecified:27:5
MERGED from com.android.support:support-v4:21.0.3:16:5
	android:label
		ADDED from AndroidManifest.xml:20:9
	android:allowBackup
		ADDED from AndroidManifest.xml:18:9
	android:icon
		ADDED from AndroidManifest.xml:19:9
	android:theme
		ADDED from AndroidManifest.xml:21:9
	tools:replace
		ADDED from AndroidManifest.xml:22:9
receiver#thomas.jonathan.notey.DeviceBootListener
ADDED from AndroidManifest.xml:26:9
	android:exported
		ADDED from AndroidManifest.xml:26:77
	android:enabled
		ADDED from AndroidManifest.xml:26:54
	android:name
		ADDED from AndroidManifest.xml:26:19
intent-filter#android.intent.action.BOOT_COMPLETED
ADDED from AndroidManifest.xml:27:13
action#android.intent.action.BOOT_COMPLETED
ADDED from AndroidManifest.xml:28:17
	android:name
		ADDED from AndroidManifest.xml:28:25
receiver#thomas.jonathan.notey.NotificationDismiss
ADDED from AndroidManifest.xml:32:9
	android:exported
		ADDED from AndroidManifest.xml:32:78
	android:enabled
		ADDED from AndroidManifest.xml:32:55
	android:name
		ADDED from AndroidManifest.xml:32:19
service#thomas.jonathan.notey.NotificationBootService
ADDED from AndroidManifest.xml:33:9
	android:enabled
		ADDED from AndroidManifest.xml:33:58
	android:name
		ADDED from AndroidManifest.xml:33:18
service#thomas.jonathan.notey.AlarmService
ADDED from AndroidManifest.xml:35:9
	android:enabled
		ADDED from AndroidManifest.xml:35:47
	android:name
		ADDED from AndroidManifest.xml:35:18
receiver#thomas.jonathan.notey.AlarmReceiver
ADDED from AndroidManifest.xml:36:9
	android:exported
		ADDED from AndroidManifest.xml:36:72
	android:enabled
		ADDED from AndroidManifest.xml:36:49
	android:name
		ADDED from AndroidManifest.xml:36:19
service#thomas.jonathan.notey.DashClock
ADDED from AndroidManifest.xml:54:9
	android:label
		ADDED from AndroidManifest.xml:56:13
	android:icon
		ADDED from AndroidManifest.xml:55:13
	android:permission
		ADDED from AndroidManifest.xml:57:13
	android:name
		ADDED from AndroidManifest.xml:54:18
intent-filter#com.google.android.apps.dashclock.Extension
ADDED from AndroidManifest.xml:58:13
action#com.google.android.apps.dashclock.Extension
ADDED from AndroidManifest.xml:59:17
	android:name
		ADDED from AndroidManifest.xml:59:25
meta-data#protocolVersion
ADDED from AndroidManifest.xml:61:13
	android:name
		ADDED from AndroidManifest.xml:61:24
	android:value
		ADDED from AndroidManifest.xml:61:55
meta-data#worldReadable
ADDED from AndroidManifest.xml:62:13
	android:name
		ADDED from AndroidManifest.xml:62:24
	android:value
		ADDED from AndroidManifest.xml:62:53
meta-data#description
ADDED from AndroidManifest.xml:63:13
	android:name
		ADDED from AndroidManifest.xml:63:24
	android:value
		ADDED from AndroidManifest.xml:63:51
meta-data#settingsActivity
ADDED from AndroidManifest.xml:64:13
	android:name
		ADDED from AndroidManifest.xml:64:24
	android:value
		ADDED from AndroidManifest.xml:64:56
activity#thomas.jonathan.notey.MainActivity
ADDED from AndroidManifest.xml:67:9
	android:label
		ADDED from AndroidManifest.xml:69:13
	android:theme
		ADDED from AndroidManifest.xml:70:13
	android:name
		ADDED from AndroidManifest.xml:68:13
intent-filter#android.intent.action.MAIN+android.intent.category.LAUNCHER
ADDED from AndroidManifest.xml:71:13
action#android.intent.action.MAIN
ADDED from AndroidManifest.xml:72:17
	android:name
		ADDED from AndroidManifest.xml:72:25
category#android.intent.category.LAUNCHER
ADDED from AndroidManifest.xml:73:17
	android:name
		ADDED from AndroidManifest.xml:73:27
intent-filter#android.intent.action.SEND+android.intent.category.DEFAULT+com.google.android.gm.action.AUTO_SEND+com.google.android.voicesearch.SELF_NOTE+com.google.android.voicesearch.action.AUTO_SEND
ADDED from AndroidManifest.xml:75:13
action#android.intent.action.SEND
ADDED from AndroidManifest.xml:76:17
	android:name
		ADDED from AndroidManifest.xml:76:25
action#com.google.android.gm.action.AUTO_SEND
ADDED from AndroidManifest.xml:77:17
	android:name
		ADDED from AndroidManifest.xml:77:25
action#com.google.android.voicesearch.action.AUTO_SEND
ADDED from AndroidManifest.xml:78:17
	android:name
		ADDED from AndroidManifest.xml:78:25
category#android.intent.category.DEFAULT
ADDED from AndroidManifest.xml:79:17
	android:name
		ADDED from AndroidManifest.xml:79:27
category#com.google.android.voicesearch.SELF_NOTE
ADDED from AndroidManifest.xml:80:17
	android:name
		ADDED from AndroidManifest.xml:80:27
data
ADDED from AndroidManifest.xml:81:17
	android:mimeType
		ADDED from AndroidManifest.xml:81:23
activity#thomas.jonathan.notey.InfoScreenActivity
ADDED from AndroidManifest.xml:85:9
	android:label
		ADDED from AndroidManifest.xml:87:13
	android:theme
		ADDED from AndroidManifest.xml:88:13
	android:name
		ADDED from AndroidManifest.xml:86:13
activity#thomas.jonathan.notey.AlarmActivity
ADDED from AndroidManifest.xml:91:9
	android:label
		ADDED from AndroidManifest.xml:93:13
	android:theme
		ADDED from AndroidManifest.xml:94:13
	android:name
		ADDED from AndroidManifest.xml:92:13
activity#thomas.jonathan.notey.Settings
ADDED from AndroidManifest.xml:97:9
	android:label
		ADDED from AndroidManifest.xml:100:13
	android:theme
		ADDED from AndroidManifest.xml:101:13
	android:parentActivityName
		ADDED from AndroidManifest.xml:99:13
	android:name
		ADDED from AndroidManifest.xml:98:13
activity#thomas.jonathan.notey.DashClockSettingsActivity
ADDED from AndroidManifest.xml:104:9
	android:label
		ADDED from AndroidManifest.xml:106:13
	android:theme
		ADDED from AndroidManifest.xml:107:13
	android:exported
		ADDED from AndroidManifest.xml:108:13
	android:name
		ADDED from AndroidManifest.xml:105:13
activity#thomas.jonathan.notey.About
ADDED from AndroidManifest.xml:111:9
	android:label
		ADDED from AndroidManifest.xml:114:13
	android:theme
		ADDED from AndroidManifest.xml:115:13
	android:parentActivityName
		ADDED from AndroidManifest.xml:113:13
	android:name
		ADDED from AndroidManifest.xml:112:13